2017-01-09 22:26:47 [::1][-][-][profile begin][yii\db\Command::query] SELECT `id`, `pwd`, `power`, `user` FROM `root` WHERE user='root'
    in E:\WAMP\www\LunWen\basic\modules\admin\controllers\TestController.php:18
2017-01-09 22:26:47 [::1][-][-][profile end][yii\db\Command::query] SELECT `id`, `pwd`, `power`, `user` FROM `root` WHERE user='root'
    in E:\WAMP\www\LunWen\basic\modules\admin\controllers\TestController.php:18
2017-01-09 22:26:47 [::1][-][-][profile begin][yii\db\Command::query] SHOW FULL COLUMNS FROM `root`
    in E:\WAMP\www\LunWen\basic\modules\admin\controllers\TestController.php:18
2017-01-09 22:26:47 [::1][-][-][profile end][yii\db\Command::query] SHOW FULL COLUMNS FROM `root`
    in E:\WAMP\www\LunWen\basic\modules\admin\controllers\TestController.php:18
2017-01-09 22:26:47 [::1][-][-][profile begin][yii\db\Command::query] SHOW CREATE TABLE `root`
    in E:\WAMP\www\LunWen\basic\modules\admin\controllers\TestController.php:18
2017-01-09 22:26:47 [::1][-][-][profile end][yii\db\Command::query] SHOW CREATE TABLE `root`
    in E:\WAMP\www\LunWen\basic\modules\admin\controllers\TestController.php:18
2017-01-09 22:26:45 [::1][-][-][info][application] $_GET = [
    'r' => 'admin/test/login'
]

$_POST = [
    'user' => 'root'
    'pwd' => '123123'
]

$_COOKIE = [
    'Phpstorm-46c89b92' => '800689ce-ad2d-43cd-a6f3-39cd3015e959'
    'pgv_pvi' => '3262336000'
    'PHPSESSID' => 'd3p9ndh9idor0mh6qvapqjsed3'
]

$_SESSION = [
    '__flash' => []
    'user' => [
        'id' => '1'
        'user' => 'root'
        'pwd' => '4297f44b13955235245b2497399d7a93'
        'time' => null
        'power' => '1'
    ]
]

$_SERVER = [
    'HTTP_HOST' => 'localhost'
    'HTTP_USER_AGENT' => 'Mozilla/5.0 (Windows NT 10.0; WOW64; rv:50.0) Gecko/20100101 Firefox/50.0'
    'HTTP_ACCEPT' => '*/*'
    'HTTP_ACCEPT_LANGUAGE' => 'zh-CN,zh;q=0.8,en-US;q=0.5,en;q=0.3'
    'HTTP_ACCEPT_ENCODING' => 'gzip, deflate'
    'CONTENT_TYPE' => 'application/x-www-form-urlencoded'
    'HTTP_X_REQUESTED_WITH' => 'XMLHttpRequest'
    'HTTP_REFERER' => 'http://localhost/LunWen/basic/web/index.php?r=admin/test/index'
    'CONTENT_LENGTH' => '20'
    'HTTP_COOKIE' => 'Phpstorm-46c89b92=800689ce-ad2d-43cd-a6f3-39cd3015e959; pgv_pvi=3262336000; PHPSESSID=d3p9ndh9idor0mh6qvapqjsed3'
    'HTTP_CONNECTION' => 'keep-alive'
    'PATH' => 'C:\\WINDOWS\\system32;C:\\WINDOWS;C:\\WINDOWS\\System32\\Wbem;C:\\WINDOWS\\System32\\WindowsPowerShell\\v1.0\\;C:\\Program Files\\Intel\\WiFi\\bin\\;D:\\Program Files\\Java\\jdk1.8.0_05\\jre\\bin;D:\\Program Files\\Java\\jdk1.8.0_05\\bin;C:\\Program Files\\Common Files\\Intel\\WirelessCommon\\;E:\\WAMP\\MySql\\bin;C:\\ProgramData\\ComposerSetup\\bin;D:\\Program Files\\tortoiseGit\\bin;D:\\Program Files\\TortoiseGit\\bin;C:\\WINDOWS\\system32\\config\\systemprofile\\AppData\\Local\\Microsoft\\WindowsApps'
    'SystemRoot' => 'C:\\WINDOWS'
    'COMSPEC' => 'C:\\WINDOWS\\system32\\cmd.exe'
    'PATHEXT' => '.COM;.EXE;.BAT;.CMD;.VBS;.VBE;.JS;.JSE;.WSF;.WSH;.MSC'
    'WINDIR' => 'C:\\WINDOWS'
    'SERVER_SIGNATURE' => ''
    'SERVER_SOFTWARE' => 'Apache/2.4.10 (Win64) PHP/5.5.27'
    'SERVER_NAME' => 'localhost'
    'SERVER_ADDR' => '::1'
    'SERVER_PORT' => '80'
    'REMOTE_ADDR' => '::1'
    'DOCUMENT_ROOT' => 'E:/WAMP/www'
    'REQUEST_SCHEME' => 'http'
    'CONTEXT_PREFIX' => ''
    'CONTEXT_DOCUMENT_ROOT' => 'E:/WAMP/www'
    'SERVER_ADMIN' => 'admin@example.com'
    'SCRIPT_FILENAME' => 'E:/WAMP/www/LunWen/basic/web/index.php'
    'REMOTE_PORT' => '60704'
    'GATEWAY_INTERFACE' => 'CGI/1.1'
    'SERVER_PROTOCOL' => 'HTTP/1.1'
    'REQUEST_METHOD' => 'POST'
    'QUERY_STRING' => 'r=admin%2Ftest%2Flogin'
    'REQUEST_URI' => '/LunWen/basic/web/index.php?r=admin%2Ftest%2Flogin'
    'SCRIPT_NAME' => '/LunWen/basic/web/index.php'
    'PHP_SELF' => '/LunWen/basic/web/index.php'
    'REQUEST_TIME_FLOAT' => 1483972005.335
    'REQUEST_TIME' => 1483972005
]
2017-01-09 22:26:47 [::1][-][-][profile begin][yii\db\Command::query] SELECT `id`, `pwd`, `power`, `user` FROM `root` WHERE user='root'
    in E:\WAMP\www\LunWen\basic\modules\admin\controllers\TestController.php:18
2017-01-09 22:26:47 [::1][-][-][profile end][yii\db\Command::query] SELECT `id`, `pwd`, `power`, `user` FROM `root` WHERE user='root'
    in E:\WAMP\www\LunWen\basic\modules\admin\controllers\TestController.php:18
2017-01-09 22:26:47 [::1][-][-][profile begin][yii\db\Command::query] SHOW FULL COLUMNS FROM `root`
    in E:\WAMP\www\LunWen\basic\modules\admin\controllers\TestController.php:18
2017-01-09 22:26:47 [::1][-][-][profile end][yii\db\Command::query] SHOW FULL COLUMNS FROM `root`
    in E:\WAMP\www\LunWen\basic\modules\admin\controllers\TestController.php:18
2017-01-09 22:26:47 [::1][-][-][profile begin][yii\db\Command::query] SHOW CREATE TABLE `root`
    in E:\WAMP\www\LunWen\basic\modules\admin\controllers\TestController.php:18
2017-01-09 22:26:47 [::1][-][-][profile end][yii\db\Command::query] SHOW CREATE TABLE `root`
    in E:\WAMP\www\LunWen\basic\modules\admin\controllers\TestController.php:18
2017-01-09 22:26:45 [::1][-][-][info][application] $_GET = [
    'r' => 'admin/test/login'
]

$_POST = [
    'user' => 'root'
    'pwd' => '123123'
]

$_COOKIE = [
    'Phpstorm-46c89b92' => '800689ce-ad2d-43cd-a6f3-39cd3015e959'
    'pgv_pvi' => '3262336000'
    'PHPSESSID' => 'd3p9ndh9idor0mh6qvapqjsed3'
]

$_SESSION = [
    '__flash' => []
    'user' => [
        'id' => '1'
        'user' => 'root'
        'pwd' => '4297f44b13955235245b2497399d7a93'
        'time' => null
        'power' => '1'
    ]
]

$_SERVER = [
    'HTTP_HOST' => 'localhost'
    'HTTP_USER_AGENT' => 'Mozilla/5.0 (Windows NT 10.0; WOW64; rv:50.0) Gecko/20100101 Firefox/50.0'
    'HTTP_ACCEPT' => '*/*'
    'HTTP_ACCEPT_LANGUAGE' => 'zh-CN,zh;q=0.8,en-US;q=0.5,en;q=0.3'
    'HTTP_ACCEPT_ENCODING' => 'gzip, deflate'
    'CONTENT_TYPE' => 'application/x-www-form-urlencoded'
    'HTTP_X_REQUESTED_WITH' => 'XMLHttpRequest'
    'HTTP_REFERER' => 'http://localhost/LunWen/basic/web/index.php?r=admin/test/index'
    'CONTENT_LENGTH' => '20'
    'HTTP_COOKIE' => 'Phpstorm-46c89b92=800689ce-ad2d-43cd-a6f3-39cd3015e959; pgv_pvi=3262336000; PHPSESSID=d3p9ndh9idor0mh6qvapqjsed3'
    'HTTP_CONNECTION' => 'keep-alive'
    'PATH' => 'C:\\WINDOWS\\system32;C:\\WINDOWS;C:\\WINDOWS\\System32\\Wbem;C:\\WINDOWS\\System32\\WindowsPowerShell\\v1.0\\;C:\\Program Files\\Intel\\WiFi\\bin\\;D:\\Program Files\\Java\\jdk1.8.0_05\\jre\\bin;D:\\Program Files\\Java\\jdk1.8.0_05\\bin;C:\\Program Files\\Common Files\\Intel\\WirelessCommon\\;E:\\WAMP\\MySql\\bin;C:\\ProgramData\\ComposerSetup\\bin;D:\\Program Files\\tortoiseGit\\bin;D:\\Program Files\\TortoiseGit\\bin;C:\\WINDOWS\\system32\\config\\systemprofile\\AppData\\Local\\Microsoft\\WindowsApps'
    'SystemRoot' => 'C:\\WINDOWS'
    'COMSPEC' => 'C:\\WINDOWS\\system32\\cmd.exe'
    'PATHEXT' => '.COM;.EXE;.BAT;.CMD;.VBS;.VBE;.JS;.JSE;.WSF;.WSH;.MSC'
    'WINDIR' => 'C:\\WINDOWS'
    'SERVER_SIGNATURE' => ''
    'SERVER_SOFTWARE' => 'Apache/2.4.10 (Win64) PHP/5.5.27'
    'SERVER_NAME' => 'localhost'
    'SERVER_ADDR' => '::1'
    'SERVER_PORT' => '80'
    'REMOTE_ADDR' => '::1'
    'DOCUMENT_ROOT' => 'E:/WAMP/www'
    'REQUEST_SCHEME' => 'http'
    'CONTEXT_PREFIX' => ''
    'CONTEXT_DOCUMENT_ROOT' => 'E:/WAMP/www'
    'SERVER_ADMIN' => 'admin@example.com'
    'SCRIPT_FILENAME' => 'E:/WAMP/www/LunWen/basic/web/index.php'
    'REMOTE_PORT' => '60705'
    'GATEWAY_INTERFACE' => 'CGI/1.1'
    'SERVER_PROTOCOL' => 'HTTP/1.1'
    'REQUEST_METHOD' => 'POST'
    'QUERY_STRING' => 'r=admin%2Ftest%2Flogin'
    'REQUEST_URI' => '/LunWen/basic/web/index.php?r=admin%2Ftest%2Flogin'
    'SCRIPT_NAME' => '/LunWen/basic/web/index.php'
    'PHP_SELF' => '/LunWen/basic/web/index.php'
    'REQUEST_TIME_FLOAT' => 1483972005.345
    'REQUEST_TIME' => 1483972005
]
2017-01-09 22:26:54 [::1][-][-][profile begin][yii\db\Command::query] SELECT * FROM `type` WHERE `prt`='28'
    in E:\WAMP\www\LunWen\basic\models\TypeDB.php:61
    in E:\WAMP\www\LunWen\basic\modules\admin\controllers\ShopController.php:57
2017-01-09 22:26:54 [::1][-][-][profile end][yii\db\Command::query] SELECT * FROM `type` WHERE `prt`='28'
    in E:\WAMP\www\LunWen\basic\models\TypeDB.php:61
    in E:\WAMP\www\LunWen\basic\modules\admin\controllers\ShopController.php:57
2017-01-09 22:26:54 [::1][-][-][profile begin][yii\db\Command::query] SHOW FULL COLUMNS FROM `type`
    in E:\WAMP\www\LunWen\basic\models\TypeDB.php:61
    in E:\WAMP\www\LunWen\basic\modules\admin\controllers\ShopController.php:57
2017-01-09 22:26:54 [::1][-][-][profile end][yii\db\Command::query] SHOW FULL COLUMNS FROM `type`
    in E:\WAMP\www\LunWen\basic\models\TypeDB.php:61
    in E:\WAMP\www\LunWen\basic\modules\admin\controllers\ShopController.php:57
2017-01-09 22:26:54 [::1][-][-][profile begin][yii\db\Command::query] SHOW CREATE TABLE `type`
    in E:\WAMP\www\LunWen\basic\models\TypeDB.php:61
    in E:\WAMP\www\LunWen\basic\modules\admin\controllers\ShopController.php:57
2017-01-09 22:26:54 [::1][-][-][profile end][yii\db\Command::query] SHOW CREATE TABLE `type`
    in E:\WAMP\www\LunWen\basic\models\TypeDB.php:61
    in E:\WAMP\www\LunWen\basic\modules\admin\controllers\ShopController.php:57
2017-01-09 22:26:53 [::1][-][-][info][application] $_GET = [
    'r' => 'admin/shop/shopcolor'
]

$_COOKIE = [
    'Phpstorm-46c89b92' => '800689ce-ad2d-43cd-a6f3-39cd3015e959'
    'pgv_pvi' => '3262336000'
    'PHPSESSID' => 'd3p9ndh9idor0mh6qvapqjsed3'
]

$_SERVER = [
    'HTTP_HOST' => 'localhost'
    'HTTP_USER_AGENT' => 'Mozilla/5.0 (Windows NT 10.0; WOW64; rv:50.0) Gecko/20100101 Firefox/50.0'
    'HTTP_ACCEPT' => 'application/json, text/javascript, */*; q=0.01'
    'HTTP_ACCEPT_LANGUAGE' => 'zh-CN,zh;q=0.8,en-US;q=0.5,en;q=0.3'
    'HTTP_ACCEPT_ENCODING' => 'gzip, deflate'
    'HTTP_X_REQUESTED_WITH' => 'XMLHttpRequest'
    'HTTP_REFERER' => 'http://localhost/LunWen/basic/web/index.php?r=admin%2Fmain%2Fmain'
    'HTTP_COOKIE' => 'Phpstorm-46c89b92=800689ce-ad2d-43cd-a6f3-39cd3015e959; pgv_pvi=3262336000; PHPSESSID=d3p9ndh9idor0mh6qvapqjsed3'
    'HTTP_CONNECTION' => 'keep-alive'
    'CONTENT_LENGTH' => '0'
    'PATH' => 'C:\\WINDOWS\\system32;C:\\WINDOWS;C:\\WINDOWS\\System32\\Wbem;C:\\WINDOWS\\System32\\WindowsPowerShell\\v1.0\\;C:\\Program Files\\Intel\\WiFi\\bin\\;D:\\Program Files\\Java\\jdk1.8.0_05\\jre\\bin;D:\\Program Files\\Java\\jdk1.8.0_05\\bin;C:\\Program Files\\Common Files\\Intel\\WirelessCommon\\;E:\\WAMP\\MySql\\bin;C:\\ProgramData\\ComposerSetup\\bin;D:\\Program Files\\tortoiseGit\\bin;D:\\Program Files\\TortoiseGit\\bin;C:\\WINDOWS\\system32\\config\\systemprofile\\AppData\\Local\\Microsoft\\WindowsApps'
    'SystemRoot' => 'C:\\WINDOWS'
    'COMSPEC' => 'C:\\WINDOWS\\system32\\cmd.exe'
    'PATHEXT' => '.COM;.EXE;.BAT;.CMD;.VBS;.VBE;.JS;.JSE;.WSF;.WSH;.MSC'
    'WINDIR' => 'C:\\WINDOWS'
    'SERVER_SIGNATURE' => ''
    'SERVER_SOFTWARE' => 'Apache/2.4.10 (Win64) PHP/5.5.27'
    'SERVER_NAME' => 'localhost'
    'SERVER_ADDR' => '::1'
    'SERVER_PORT' => '80'
    'REMOTE_ADDR' => '::1'
    'DOCUMENT_ROOT' => 'E:/WAMP/www'
    'REQUEST_SCHEME' => 'http'
    'CONTEXT_PREFIX' => ''
    'CONTEXT_DOCUMENT_ROOT' => 'E:/WAMP/www'
    'SERVER_ADMIN' => 'admin@example.com'
    'SCRIPT_FILENAME' => 'E:/WAMP/www/LunWen/basic/web/index.php'
    'REMOTE_PORT' => '60711'
    'GATEWAY_INTERFACE' => 'CGI/1.1'
    'SERVER_PROTOCOL' => 'HTTP/1.1'
    'REQUEST_METHOD' => 'POST'
    'QUERY_STRING' => 'r=admin/shop/shopcolor'
    'REQUEST_URI' => '/LunWen/basic/web/index.php?r=admin/shop/shopcolor'
    'SCRIPT_NAME' => '/LunWen/basic/web/index.php'
    'PHP_SELF' => '/LunWen/basic/web/index.php'
    'REQUEST_TIME_FLOAT' => 1483972013.567
    'REQUEST_TIME' => 1483972013
]
2017-01-09 22:26:54 [::1][-][-][profile begin][yii\db\Command::query] SELECT * FROM `type` WHERE `prt`='1'
    in E:\WAMP\www\LunWen\basic\models\TypeDB.php:61
    in E:\WAMP\www\LunWen\basic\modules\admin\controllers\ShopController.php:51
2017-01-09 22:26:54 [::1][-][-][profile end][yii\db\Command::query] SELECT * FROM `type` WHERE `prt`='1'
    in E:\WAMP\www\LunWen\basic\models\TypeDB.php:61
    in E:\WAMP\www\LunWen\basic\modules\admin\controllers\ShopController.php:51
2017-01-09 22:26:54 [::1][-][-][profile begin][yii\db\Command::query] SHOW FULL COLUMNS FROM `type`
    in E:\WAMP\www\LunWen\basic\models\TypeDB.php:61
    in E:\WAMP\www\LunWen\basic\modules\admin\controllers\ShopController.php:51
2017-01-09 22:26:54 [::1][-][-][profile end][yii\db\Command::query] SHOW FULL COLUMNS FROM `type`
    in E:\WAMP\www\LunWen\basic\models\TypeDB.php:61
    in E:\WAMP\www\LunWen\basic\modules\admin\controllers\ShopController.php:51
2017-01-09 22:26:54 [::1][-][-][profile begin][yii\db\Command::query] SHOW CREATE TABLE `type`
    in E:\WAMP\www\LunWen\basic\models\TypeDB.php:61
    in E:\WAMP\www\LunWen\basic\modules\admin\controllers\ShopController.php:51
2017-01-09 22:26:54 [::1][-][-][profile end][yii\db\Command::query] SHOW CREATE TABLE `type`
    in E:\WAMP\www\LunWen\basic\models\TypeDB.php:61
    in E:\WAMP\www\LunWen\basic\modules\admin\controllers\ShopController.php:51
2017-01-09 22:26:53 [::1][-][-][info][application] $_GET = [
    'r' => 'admin/shop/shoptype'
]

$_COOKIE = [
    'Phpstorm-46c89b92' => '800689ce-ad2d-43cd-a6f3-39cd3015e959'
    'pgv_pvi' => '3262336000'
    'PHPSESSID' => 'd3p9ndh9idor0mh6qvapqjsed3'
]

$_SERVER = [
    'HTTP_HOST' => 'localhost'
    'HTTP_USER_AGENT' => 'Mozilla/5.0 (Windows NT 10.0; WOW64; rv:50.0) Gecko/20100101 Firefox/50.0'
    'HTTP_ACCEPT' => 'application/json, text/javascript, */*; q=0.01'
    'HTTP_ACCEPT_LANGUAGE' => 'zh-CN,zh;q=0.8,en-US;q=0.5,en;q=0.3'
    'HTTP_ACCEPT_ENCODING' => 'gzip, deflate'
    'HTTP_X_REQUESTED_WITH' => 'XMLHttpRequest'
    'HTTP_REFERER' => 'http://localhost/LunWen/basic/web/index.php?r=admin%2Fmain%2Fmain'
    'HTTP_COOKIE' => 'Phpstorm-46c89b92=800689ce-ad2d-43cd-a6f3-39cd3015e959; pgv_pvi=3262336000; PHPSESSID=d3p9ndh9idor0mh6qvapqjsed3'
    'HTTP_CONNECTION' => 'keep-alive'
    'CONTENT_LENGTH' => '0'
    'PATH' => 'C:\\WINDOWS\\system32;C:\\WINDOWS;C:\\WINDOWS\\System32\\Wbem;C:\\WINDOWS\\System32\\WindowsPowerShell\\v1.0\\;C:\\Program Files\\Intel\\WiFi\\bin\\;D:\\Program Files\\Java\\jdk1.8.0_05\\jre\\bin;D:\\Program Files\\Java\\jdk1.8.0_05\\bin;C:\\Program Files\\Common Files\\Intel\\WirelessCommon\\;E:\\WAMP\\MySql\\bin;C:\\ProgramData\\ComposerSetup\\bin;D:\\Program Files\\tortoiseGit\\bin;D:\\Program Files\\TortoiseGit\\bin;C:\\WINDOWS\\system32\\config\\systemprofile\\AppData\\Local\\Microsoft\\WindowsApps'
    'SystemRoot' => 'C:\\WINDOWS'
    'COMSPEC' => 'C:\\WINDOWS\\system32\\cmd.exe'
    'PATHEXT' => '.COM;.EXE;.BAT;.CMD;.VBS;.VBE;.JS;.JSE;.WSF;.WSH;.MSC'
    'WINDIR' => 'C:\\WINDOWS'
    'SERVER_SIGNATURE' => ''
    'SERVER_SOFTWARE' => 'Apache/2.4.10 (Win64) PHP/5.5.27'
    'SERVER_NAME' => 'localhost'
    'SERVER_ADDR' => '::1'
    'SERVER_PORT' => '80'
    'REMOTE_ADDR' => '::1'
    'DOCUMENT_ROOT' => 'E:/WAMP/www'
    'REQUEST_SCHEME' => 'http'
    'CONTEXT_PREFIX' => ''
    'CONTEXT_DOCUMENT_ROOT' => 'E:/WAMP/www'
    'SERVER_ADMIN' => 'admin@example.com'
    'SCRIPT_FILENAME' => 'E:/WAMP/www/LunWen/basic/web/index.php'
    'REMOTE_PORT' => '60705'
    'GATEWAY_INTERFACE' => 'CGI/1.1'
    'SERVER_PROTOCOL' => 'HTTP/1.1'
    'REQUEST_METHOD' => 'POST'
    'QUERY_STRING' => 'r=admin/shop/shoptype'
    'REQUEST_URI' => '/LunWen/basic/web/index.php?r=admin/shop/shoptype'
    'SCRIPT_NAME' => '/LunWen/basic/web/index.php'
    'PHP_SELF' => '/LunWen/basic/web/index.php'
    'REQUEST_TIME_FLOAT' => 1483972013.551
    'REQUEST_TIME' => 1483972013
]
2017-01-09 22:26:54 [::1][-][-][profile begin][yii\db\Command::query] SELECT * FROM `type` WHERE `prt`='2'
    in E:\WAMP\www\LunWen\basic\models\TypeDB.php:61
    in E:\WAMP\www\LunWen\basic\modules\admin\controllers\ShopController.php:63
2017-01-09 22:26:54 [::1][-][-][profile end][yii\db\Command::query] SELECT * FROM `type` WHERE `prt`='2'
    in E:\WAMP\www\LunWen\basic\models\TypeDB.php:61
    in E:\WAMP\www\LunWen\basic\modules\admin\controllers\ShopController.php:63
2017-01-09 22:26:54 [::1][-][-][profile begin][yii\db\Command::query] SHOW FULL COLUMNS FROM `type`
    in E:\WAMP\www\LunWen\basic\models\TypeDB.php:61
    in E:\WAMP\www\LunWen\basic\modules\admin\controllers\ShopController.php:63
2017-01-09 22:26:54 [::1][-][-][profile end][yii\db\Command::query] SHOW FULL COLUMNS FROM `type`
    in E:\WAMP\www\LunWen\basic\models\TypeDB.php:61
    in E:\WAMP\www\LunWen\basic\modules\admin\controllers\ShopController.php:63
2017-01-09 22:26:54 [::1][-][-][profile begin][yii\db\Command::query] SHOW CREATE TABLE `type`
    in E:\WAMP\www\LunWen\basic\models\TypeDB.php:61
    in E:\WAMP\www\LunWen\basic\modules\admin\controllers\ShopController.php:63
2017-01-09 22:26:54 [::1][-][-][profile end][yii\db\Command::query] SHOW CREATE TABLE `type`
    in E:\WAMP\www\LunWen\basic\models\TypeDB.php:61
    in E:\WAMP\www\LunWen\basic\modules\admin\controllers\ShopController.php:63
2017-01-09 22:26:53 [::1][-][-][info][application] $_GET = [
    'r' => 'admin/shop/shopyotu'
]

$_COOKIE = [
    'Phpstorm-46c89b92' => '800689ce-ad2d-43cd-a6f3-39cd3015e959'
    'pgv_pvi' => '3262336000'
    'PHPSESSID' => 'd3p9ndh9idor0mh6qvapqjsed3'
]

$_SERVER = [
    'HTTP_HOST' => 'localhost'
    'HTTP_USER_AGENT' => 'Mozilla/5.0 (Windows NT 10.0; WOW64; rv:50.0) Gecko/20100101 Firefox/50.0'
    'HTTP_ACCEPT' => 'application/json, text/javascript, */*; q=0.01'
    'HTTP_ACCEPT_LANGUAGE' => 'zh-CN,zh;q=0.8,en-US;q=0.5,en;q=0.3'
    'HTTP_ACCEPT_ENCODING' => 'gzip, deflate'
    'HTTP_X_REQUESTED_WITH' => 'XMLHttpRequest'
    'HTTP_REFERER' => 'http://localhost/LunWen/basic/web/index.php?r=admin%2Fmain%2Fmain'
    'HTTP_COOKIE' => 'Phpstorm-46c89b92=800689ce-ad2d-43cd-a6f3-39cd3015e959; pgv_pvi=3262336000; PHPSESSID=d3p9ndh9idor0mh6qvapqjsed3'
    'HTTP_CONNECTION' => 'keep-alive'
    'CONTENT_LENGTH' => '0'
    'PATH' => 'C:\\WINDOWS\\system32;C:\\WINDOWS;C:\\WINDOWS\\System32\\Wbem;C:\\WINDOWS\\System32\\WindowsPowerShell\\v1.0\\;C:\\Program Files\\Intel\\WiFi\\bin\\;D:\\Program Files\\Java\\jdk1.8.0_05\\jre\\bin;D:\\Program Files\\Java\\jdk1.8.0_05\\bin;C:\\Program Files\\Common Files\\Intel\\WirelessCommon\\;E:\\WAMP\\MySql\\bin;C:\\ProgramData\\ComposerSetup\\bin;D:\\Program Files\\tortoiseGit\\bin;D:\\Program Files\\TortoiseGit\\bin;C:\\WINDOWS\\system32\\config\\systemprofile\\AppData\\Local\\Microsoft\\WindowsApps'
    'SystemRoot' => 'C:\\WINDOWS'
    'COMSPEC' => 'C:\\WINDOWS\\system32\\cmd.exe'
    'PATHEXT' => '.COM;.EXE;.BAT;.CMD;.VBS;.VBE;.JS;.JSE;.WSF;.WSH;.MSC'
    'WINDIR' => 'C:\\WINDOWS'
    'SERVER_SIGNATURE' => ''
    'SERVER_SOFTWARE' => 'Apache/2.4.10 (Win64) PHP/5.5.27'
    'SERVER_NAME' => 'localhost'
    'SERVER_ADDR' => '::1'
    'SERVER_PORT' => '80'
    'REMOTE_ADDR' => '::1'
    'DOCUMENT_ROOT' => 'E:/WAMP/www'
    'REQUEST_SCHEME' => 'http'
    'CONTEXT_PREFIX' => ''
    'CONTEXT_DOCUMENT_ROOT' => 'E:/WAMP/www'
    'SERVER_ADMIN' => 'admin@example.com'
    'SCRIPT_FILENAME' => 'E:/WAMP/www/LunWen/basic/web/index.php'
    'REMOTE_PORT' => '60704'
    'GATEWAY_INTERFACE' => 'CGI/1.1'
    'SERVER_PROTOCOL' => 'HTTP/1.1'
    'REQUEST_METHOD' => 'POST'
    'QUERY_STRING' => 'r=admin/shop/shopyotu'
    'REQUEST_URI' => '/LunWen/basic/web/index.php?r=admin/shop/shopyotu'
    'SCRIPT_NAME' => '/LunWen/basic/web/index.php'
    'PHP_SELF' => '/LunWen/basic/web/index.php'
    'REQUEST_TIME_FLOAT' => 1483972013.552
    'REQUEST_TIME' => 1483972013
]
2017-01-09 22:26:54 [::1][-][-][profile begin][yii\db\Command::query] SELECT * FROM `type` WHERE `prt`='3'
    in E:\WAMP\www\LunWen\basic\models\TypeDB.php:61
    in E:\WAMP\www\LunWen\basic\modules\admin\controllers\ShopController.php:69
2017-01-09 22:26:54 [::1][-][-][profile end][yii\db\Command::query] SELECT * FROM `type` WHERE `prt`='3'
    in E:\WAMP\www\LunWen\basic\models\TypeDB.php:61
    in E:\WAMP\www\LunWen\basic\modules\admin\controllers\ShopController.php:69
2017-01-09 22:26:54 [::1][-][-][profile begin][yii\db\Command::query] SHOW FULL COLUMNS FROM `type`
    in E:\WAMP\www\LunWen\basic\models\TypeDB.php:61
    in E:\WAMP\www\LunWen\basic\modules\admin\controllers\ShopController.php:69
2017-01-09 22:26:54 [::1][-][-][profile end][yii\db\Command::query] SHOW FULL COLUMNS FROM `type`
    in E:\WAMP\www\LunWen\basic\models\TypeDB.php:61
    in E:\WAMP\www\LunWen\basic\modules\admin\controllers\ShopController.php:69
2017-01-09 22:26:54 [::1][-][-][profile begin][yii\db\Command::query] SHOW CREATE TABLE `type`
    in E:\WAMP\www\LunWen\basic\models\TypeDB.php:61
    in E:\WAMP\www\LunWen\basic\modules\admin\controllers\ShopController.php:69
2017-01-09 22:26:54 [::1][-][-][profile end][yii\db\Command::query] SHOW CREATE TABLE `type`
    in E:\WAMP\www\LunWen\basic\models\TypeDB.php:61
    in E:\WAMP\www\LunWen\basic\modules\admin\controllers\ShopController.php:69
2017-01-09 22:26:53 [::1][-][-][info][application] $_GET = [
    'r' => 'admin/shop/shopbaoz'
]

$_COOKIE = [
    'Phpstorm-46c89b92' => '800689ce-ad2d-43cd-a6f3-39cd3015e959'
    'pgv_pvi' => '3262336000'
    'PHPSESSID' => 'd3p9ndh9idor0mh6qvapqjsed3'
]

$_SERVER = [
    'HTTP_HOST' => 'localhost'
    'HTTP_USER_AGENT' => 'Mozilla/5.0 (Windows NT 10.0; WOW64; rv:50.0) Gecko/20100101 Firefox/50.0'
    'HTTP_ACCEPT' => 'application/json, text/javascript, */*; q=0.01'
    'HTTP_ACCEPT_LANGUAGE' => 'zh-CN,zh;q=0.8,en-US;q=0.5,en;q=0.3'
    'HTTP_ACCEPT_ENCODING' => 'gzip, deflate'
    'HTTP_X_REQUESTED_WITH' => 'XMLHttpRequest'
    'HTTP_REFERER' => 'http://localhost/LunWen/basic/web/index.php?r=admin%2Fmain%2Fmain'
    'HTTP_COOKIE' => 'Phpstorm-46c89b92=800689ce-ad2d-43cd-a6f3-39cd3015e959; pgv_pvi=3262336000; PHPSESSID=d3p9ndh9idor0mh6qvapqjsed3'
    'HTTP_CONNECTION' => 'keep-alive'
    'CONTENT_LENGTH' => '0'
    'PATH' => 'C:\\WINDOWS\\system32;C:\\WINDOWS;C:\\WINDOWS\\System32\\Wbem;C:\\WINDOWS\\System32\\WindowsPowerShell\\v1.0\\;C:\\Program Files\\Intel\\WiFi\\bin\\;D:\\Program Files\\Java\\jdk1.8.0_05\\jre\\bin;D:\\Program Files\\Java\\jdk1.8.0_05\\bin;C:\\Program Files\\Common Files\\Intel\\WirelessCommon\\;E:\\WAMP\\MySql\\bin;C:\\ProgramData\\ComposerSetup\\bin;D:\\Program Files\\tortoiseGit\\bin;D:\\Program Files\\TortoiseGit\\bin;C:\\WINDOWS\\system32\\config\\systemprofile\\AppData\\Local\\Microsoft\\WindowsApps'
    'SystemRoot' => 'C:\\WINDOWS'
    'COMSPEC' => 'C:\\WINDOWS\\system32\\cmd.exe'
    'PATHEXT' => '.COM;.EXE;.BAT;.CMD;.VBS;.VBE;.JS;.JSE;.WSF;.WSH;.MSC'
    'WINDIR' => 'C:\\WINDOWS'
    'SERVER_SIGNATURE' => ''
    'SERVER_SOFTWARE' => 'Apache/2.4.10 (Win64) PHP/5.5.27'
    'SERVER_NAME' => 'localhost'
    'SERVER_ADDR' => '::1'
    'SERVER_PORT' => '80'
    'REMOTE_ADDR' => '::1'
    'DOCUMENT_ROOT' => 'E:/WAMP/www'
    'REQUEST_SCHEME' => 'http'
    'CONTEXT_PREFIX' => ''
    'CONTEXT_DOCUMENT_ROOT' => 'E:/WAMP/www'
    'SERVER_ADMIN' => 'admin@example.com'
    'SCRIPT_FILENAME' => 'E:/WAMP/www/LunWen/basic/web/index.php'
    'REMOTE_PORT' => '60710'
    'GATEWAY_INTERFACE' => 'CGI/1.1'
    'SERVER_PROTOCOL' => 'HTTP/1.1'
    'REQUEST_METHOD' => 'POST'
    'QUERY_STRING' => 'r=admin/shop/shopbaoz'
    'REQUEST_URI' => '/LunWen/basic/web/index.php?r=admin/shop/shopbaoz'
    'SCRIPT_NAME' => '/LunWen/basic/web/index.php'
    'PHP_SELF' => '/LunWen/basic/web/index.php'
    'REQUEST_TIME_FLOAT' => 1483972013.558
    'REQUEST_TIME' => 1483972013
]
2017-01-09 22:26:55 [::1][-][-][profile begin][yii\db\Command::query] SELECT COUNT(*) FROM `shop`
    in E:\WAMP\www\LunWen\basic\models\ShopDB.php:19
    in E:\WAMP\www\LunWen\basic\modules\admin\controllers\ShopController.php:13
2017-01-09 22:26:55 [::1][-][-][profile end][yii\db\Command::query] SELECT COUNT(*) FROM `shop`
    in E:\WAMP\www\LunWen\basic\models\ShopDB.php:19
    in E:\WAMP\www\LunWen\basic\modules\admin\controllers\ShopController.php:13
2017-01-09 22:26:55 [::1][-][-][profile begin][yii\db\Command::query] SELECT * FROM `shop` LIMIT 20
    in E:\WAMP\www\LunWen\basic\models\ShopDB.php:20
    in E:\WAMP\www\LunWen\basic\modules\admin\controllers\ShopController.php:13
2017-01-09 22:26:55 [::1][-][-][profile end][yii\db\Command::query] SELECT * FROM `shop` LIMIT 20
    in E:\WAMP\www\LunWen\basic\models\ShopDB.php:20
    in E:\WAMP\www\LunWen\basic\modules\admin\controllers\ShopController.php:13
2017-01-09 22:26:55 [::1][-][-][profile begin][yii\db\Command::query] SHOW FULL COLUMNS FROM `shop`
    in E:\WAMP\www\LunWen\basic\models\ShopDB.php:20
    in E:\WAMP\www\LunWen\basic\modules\admin\controllers\ShopController.php:13
2017-01-09 22:26:55 [::1][-][-][profile end][yii\db\Command::query] SHOW FULL COLUMNS FROM `shop`
    in E:\WAMP\www\LunWen\basic\models\ShopDB.php:20
    in E:\WAMP\www\LunWen\basic\modules\admin\controllers\ShopController.php:13
2017-01-09 22:26:55 [::1][-][-][profile begin][yii\db\Command::query] SHOW CREATE TABLE `shop`
    in E:\WAMP\www\LunWen\basic\models\ShopDB.php:20
    in E:\WAMP\www\LunWen\basic\modules\admin\controllers\ShopController.php:13
2017-01-09 22:26:55 [::1][-][-][profile end][yii\db\Command::query] SHOW CREATE TABLE `shop`
    in E:\WAMP\www\LunWen\basic\models\ShopDB.php:20
    in E:\WAMP\www\LunWen\basic\modules\admin\controllers\ShopController.php:13
2017-01-09 22:26:55 [::1][-][-][profile begin][yii\db\Command::query] SELECT COUNT(*) FROM `shop`
    in E:\WAMP\www\LunWen\basic\models\ShopDB.php:25
    in E:\WAMP\www\LunWen\basic\modules\admin\controllers\ShopController.php:13
2017-01-09 22:26:55 [::1][-][-][profile end][yii\db\Command::query] SELECT COUNT(*) FROM `shop`
    in E:\WAMP\www\LunWen\basic\models\ShopDB.php:25
    in E:\WAMP\www\LunWen\basic\modules\admin\controllers\ShopController.php:13
2017-01-09 22:26:53 [::1][-][-][info][application] $_GET = [
    'r' => 'admin/shop/shoplist'
]

$_POST = [
    'page' => '1'
    'rows' => '20'
]

$_COOKIE = [
    'Phpstorm-46c89b92' => '800689ce-ad2d-43cd-a6f3-39cd3015e959'
    'pgv_pvi' => '3262336000'
    'PHPSESSID' => 'd3p9ndh9idor0mh6qvapqjsed3'
]

$_SERVER = [
    'HTTP_HOST' => 'localhost'
    'HTTP_USER_AGENT' => 'Mozilla/5.0 (Windows NT 10.0; WOW64; rv:50.0) Gecko/20100101 Firefox/50.0'
    'HTTP_ACCEPT' => 'application/json, text/javascript, */*; q=0.01'
    'HTTP_ACCEPT_LANGUAGE' => 'zh-CN,zh;q=0.8,en-US;q=0.5,en;q=0.3'
    'HTTP_ACCEPT_ENCODING' => 'gzip, deflate'
    'CONTENT_TYPE' => 'application/x-www-form-urlencoded; charset=UTF-8'
    'HTTP_X_REQUESTED_WITH' => 'XMLHttpRequest'
    'HTTP_REFERER' => 'http://localhost/LunWen/basic/web/index.php?r=admin%2Fmain%2Fmain'
    'CONTENT_LENGTH' => '14'
    'HTTP_COOKIE' => 'Phpstorm-46c89b92=800689ce-ad2d-43cd-a6f3-39cd3015e959; pgv_pvi=3262336000; PHPSESSID=d3p9ndh9idor0mh6qvapqjsed3'
    'HTTP_CONNECTION' => 'keep-alive'
    'PATH' => 'C:\\WINDOWS\\system32;C:\\WINDOWS;C:\\WINDOWS\\System32\\Wbem;C:\\WINDOWS\\System32\\WindowsPowerShell\\v1.0\\;C:\\Program Files\\Intel\\WiFi\\bin\\;D:\\Program Files\\Java\\jdk1.8.0_05\\jre\\bin;D:\\Program Files\\Java\\jdk1.8.0_05\\bin;C:\\Program Files\\Common Files\\Intel\\WirelessCommon\\;E:\\WAMP\\MySql\\bin;C:\\ProgramData\\ComposerSetup\\bin;D:\\Program Files\\tortoiseGit\\bin;D:\\Program Files\\TortoiseGit\\bin;C:\\WINDOWS\\system32\\config\\systemprofile\\AppData\\Local\\Microsoft\\WindowsApps'
    'SystemRoot' => 'C:\\WINDOWS'
    'COMSPEC' => 'C:\\WINDOWS\\system32\\cmd.exe'
    'PATHEXT' => '.COM;.EXE;.BAT;.CMD;.VBS;.VBE;.JS;.JSE;.WSF;.WSH;.MSC'
    'WINDIR' => 'C:\\WINDOWS'
    'SERVER_SIGNATURE' => ''
    'SERVER_SOFTWARE' => 'Apache/2.4.10 (Win64) PHP/5.5.27'
    'SERVER_NAME' => 'localhost'
    'SERVER_ADDR' => '::1'
    'SERVER_PORT' => '80'
    'REMOTE_ADDR' => '::1'
    'DOCUMENT_ROOT' => 'E:/WAMP/www'
    'REQUEST_SCHEME' => 'http'
    'CONTEXT_PREFIX' => ''
    'CONTEXT_DOCUMENT_ROOT' => 'E:/WAMP/www'
    'SERVER_ADMIN' => 'admin@example.com'
    'SCRIPT_FILENAME' => 'E:/WAMP/www/LunWen/basic/web/index.php'
    'REMOTE_PORT' => '60712'
    'GATEWAY_INTERFACE' => 'CGI/1.1'
    'SERVER_PROTOCOL' => 'HTTP/1.1'
    'REQUEST_METHOD' => 'POST'
    'QUERY_STRING' => 'r=admin%2Fshop%2Fshoplist'
    'REQUEST_URI' => '/LunWen/basic/web/index.php?r=admin%2Fshop%2Fshoplist'
    'SCRIPT_NAME' => '/LunWen/basic/web/index.php'
    'PHP_SELF' => '/LunWen/basic/web/index.php'
    'REQUEST_TIME_FLOAT' => 1483972013.59
    'REQUEST_TIME' => 1483972013
]
2017-01-09 22:28:28 [::1][-][-][profile begin][yii\db\Command::query] SHOW FULL COLUMNS FROM `shop`
    in E:\WAMP\www\LunWen\basic\models\ShopDB.php:29
    in E:\WAMP\www\LunWen\basic\modules\admin\controllers\ShopController.php:35
2017-01-09 22:28:28 [::1][-][-][profile end][yii\db\Command::query] SHOW FULL COLUMNS FROM `shop`
    in E:\WAMP\www\LunWen\basic\models\ShopDB.php:29
    in E:\WAMP\www\LunWen\basic\modules\admin\controllers\ShopController.php:35
2017-01-09 22:28:28 [::1][-][-][profile begin][yii\db\Command::query] SHOW CREATE TABLE `shop`
    in E:\WAMP\www\LunWen\basic\models\ShopDB.php:29
    in E:\WAMP\www\LunWen\basic\modules\admin\controllers\ShopController.php:35
2017-01-09 22:28:28 [::1][-][-][profile end][yii\db\Command::query] SHOW CREATE TABLE `shop`
    in E:\WAMP\www\LunWen\basic\models\ShopDB.php:29
    in E:\WAMP\www\LunWen\basic\modules\admin\controllers\ShopController.php:35
2017-01-09 22:28:28 [::1][-][-][profile begin][yii\db\Command::execute] INSERT INTO `shop` (`user`, `time`, `type`, `img`, `price`, `nums`, `cont`, `remark`) VALUES ('瓶装向日葵', '2017-01-09 10:28:28', '向日葵,开业,瓶花,黄色', './uploads/img/5d4eb9.png', '30', 3, '想太阳一样', '')
    in E:\WAMP\www\LunWen\basic\models\ShopDB.php:37
    in E:\WAMP\www\LunWen\basic\modules\admin\controllers\ShopController.php:35
2017-01-09 22:28:28 [::1][-][-][profile end][yii\db\Command::execute] INSERT INTO `shop` (`user`, `time`, `type`, `img`, `price`, `nums`, `cont`, `remark`) VALUES ('瓶装向日葵', '2017-01-09 10:28:28', '向日葵,开业,瓶花,黄色', './uploads/img/5d4eb9.png', '30', 3, '想太阳一样', '')
    in E:\WAMP\www\LunWen\basic\models\ShopDB.php:37
    in E:\WAMP\www\LunWen\basic\modules\admin\controllers\ShopController.php:35
2017-01-09 22:28:27 [::1][-][-][info][application] $_GET = [
    'r' => 'admin/shop/addshop'
]

$_POST = [
    'user' => '瓶装向日葵'
    'type' => '向日葵'
    'yotu' => '开业'
    'baoz' => '瓶花'
    'color' => '黄色'
    'price' => '30'
    'nums' => '3'
    'cont' => '想太阳一样'
    'remark' => ''
]

$_FILES = [
    'img' => [
        'name' => '056.jpg'
        'type' => 'image/jpeg'
        'tmp_name' => 'C:\\Windows\\Temp\\php889C.tmp'
        'error' => 0
        'size' => 121001
    ]
]

$_COOKIE = [
    'Phpstorm-46c89b92' => '800689ce-ad2d-43cd-a6f3-39cd3015e959'
    'pgv_pvi' => '3262336000'
    'PHPSESSID' => 'd3p9ndh9idor0mh6qvapqjsed3'
]

$_SERVER = [
    'HTTP_HOST' => 'localhost'
    'HTTP_USER_AGENT' => 'Mozilla/5.0 (Windows NT 10.0; WOW64; rv:50.0) Gecko/20100101 Firefox/50.0'
    'HTTP_ACCEPT' => 'text/html,application/xhtml+xml,application/xml;q=0.9,*/*;q=0.8'
    'HTTP_ACCEPT_LANGUAGE' => 'zh-CN,zh;q=0.8,en-US;q=0.5,en;q=0.3'
    'HTTP_ACCEPT_ENCODING' => 'gzip, deflate'
    'HTTP_REFERER' => 'http://localhost/LunWen/basic/web/index.php?r=admin%2Fmain%2Fmain'
    'HTTP_COOKIE' => 'Phpstorm-46c89b92=800689ce-ad2d-43cd-a6f3-39cd3015e959; pgv_pvi=3262336000; PHPSESSID=d3p9ndh9idor0mh6qvapqjsed3'
    'HTTP_CONNECTION' => 'keep-alive'
    'HTTP_UPGRADE_INSECURE_REQUESTS' => '1'
    'CONTENT_TYPE' => 'multipart/form-data; boundary=---------------------------12275209699669'
    'CONTENT_LENGTH' => '122097'
    'PATH' => 'C:\\WINDOWS\\system32;C:\\WINDOWS;C:\\WINDOWS\\System32\\Wbem;C:\\WINDOWS\\System32\\WindowsPowerShell\\v1.0\\;C:\\Program Files\\Intel\\WiFi\\bin\\;D:\\Program Files\\Java\\jdk1.8.0_05\\jre\\bin;D:\\Program Files\\Java\\jdk1.8.0_05\\bin;C:\\Program Files\\Common Files\\Intel\\WirelessCommon\\;E:\\WAMP\\MySql\\bin;C:\\ProgramData\\ComposerSetup\\bin;D:\\Program Files\\tortoiseGit\\bin;D:\\Program Files\\TortoiseGit\\bin;C:\\WINDOWS\\system32\\config\\systemprofile\\AppData\\Local\\Microsoft\\WindowsApps'
    'SystemRoot' => 'C:\\WINDOWS'
    'COMSPEC' => 'C:\\WINDOWS\\system32\\cmd.exe'
    'PATHEXT' => '.COM;.EXE;.BAT;.CMD;.VBS;.VBE;.JS;.JSE;.WSF;.WSH;.MSC'
    'WINDIR' => 'C:\\WINDOWS'
    'SERVER_SIGNATURE' => ''
    'SERVER_SOFTWARE' => 'Apache/2.4.10 (Win64) PHP/5.5.27'
    'SERVER_NAME' => 'localhost'
    'SERVER_ADDR' => '::1'
    'SERVER_PORT' => '80'
    'REMOTE_ADDR' => '::1'
    'DOCUMENT_ROOT' => 'E:/WAMP/www'
    'REQUEST_SCHEME' => 'http'
    'CONTEXT_PREFIX' => ''
    'CONTEXT_DOCUMENT_ROOT' => 'E:/WAMP/www'
    'SERVER_ADMIN' => 'admin@example.com'
    'SCRIPT_FILENAME' => 'E:/WAMP/www/LunWen/basic/web/index.php'
    'REMOTE_PORT' => '60856'
    'GATEWAY_INTERFACE' => 'CGI/1.1'
    'SERVER_PROTOCOL' => 'HTTP/1.1'
    'REQUEST_METHOD' => 'POST'
    'QUERY_STRING' => 'r=admin/shop/addshop'
    'REQUEST_URI' => '/LunWen/basic/web/index.php?r=admin/shop/addshop'
    'SCRIPT_NAME' => '/LunWen/basic/web/index.php'
    'PHP_SELF' => '/LunWen/basic/web/index.php'
    'REQUEST_TIME_FLOAT' => 1483972107.596
    'REQUEST_TIME' => 1483972107
]
2017-01-09 22:28:30 [::1][-][-][profile begin][yii\db\Command::query] SELECT COUNT(*) FROM `shop`
    in E:\WAMP\www\LunWen\basic\models\ShopDB.php:19
    in E:\WAMP\www\LunWen\basic\modules\admin\controllers\ShopController.php:13
2017-01-09 22:28:30 [::1][-][-][profile end][yii\db\Command::query] SELECT COUNT(*) FROM `shop`
    in E:\WAMP\www\LunWen\basic\models\ShopDB.php:19
    in E:\WAMP\www\LunWen\basic\modules\admin\controllers\ShopController.php:13
2017-01-09 22:28:30 [::1][-][-][profile begin][yii\db\Command::query] SELECT * FROM `shop` LIMIT 20
    in E:\WAMP\www\LunWen\basic\models\ShopDB.php:20
    in E:\WAMP\www\LunWen\basic\modules\admin\controllers\ShopController.php:13
2017-01-09 22:28:30 [::1][-][-][profile end][yii\db\Command::query] SELECT * FROM `shop` LIMIT 20
    in E:\WAMP\www\LunWen\basic\models\ShopDB.php:20
    in E:\WAMP\www\LunWen\basic\modules\admin\controllers\ShopController.php:13
2017-01-09 22:28:30 [::1][-][-][profile begin][yii\db\Command::query] SHOW FULL COLUMNS FROM `shop`
    in E:\WAMP\www\LunWen\basic\models\ShopDB.php:20
    in E:\WAMP\www\LunWen\basic\modules\admin\controllers\ShopController.php:13
2017-01-09 22:28:30 [::1][-][-][profile end][yii\db\Command::query] SHOW FULL COLUMNS FROM `shop`
    in E:\WAMP\www\LunWen\basic\models\ShopDB.php:20
    in E:\WAMP\www\LunWen\basic\modules\admin\controllers\ShopController.php:13
2017-01-09 22:28:30 [::1][-][-][profile begin][yii\db\Command::query] SHOW CREATE TABLE `shop`
    in E:\WAMP\www\LunWen\basic\models\ShopDB.php:20
    in E:\WAMP\www\LunWen\basic\modules\admin\controllers\ShopController.php:13
2017-01-09 22:28:30 [::1][-][-][profile end][yii\db\Command::query] SHOW CREATE TABLE `shop`
    in E:\WAMP\www\LunWen\basic\models\ShopDB.php:20
    in E:\WAMP\www\LunWen\basic\modules\admin\controllers\ShopController.php:13
2017-01-09 22:28:30 [::1][-][-][profile begin][yii\db\Command::query] SELECT COUNT(*) FROM `shop`
    in E:\WAMP\www\LunWen\basic\models\ShopDB.php:25
    in E:\WAMP\www\LunWen\basic\modules\admin\controllers\ShopController.php:13
2017-01-09 22:28:30 [::1][-][-][profile end][yii\db\Command::query] SELECT COUNT(*) FROM `shop`
    in E:\WAMP\www\LunWen\basic\models\ShopDB.php:25
    in E:\WAMP\www\LunWen\basic\modules\admin\controllers\ShopController.php:13
2017-01-09 22:28:29 [::1][-][-][info][application] $_GET = [
    'r' => 'admin/shop/shoplist'
]

$_POST = [
    'page' => '1'
    'rows' => '20'
]

$_COOKIE = [
    'Phpstorm-46c89b92' => '800689ce-ad2d-43cd-a6f3-39cd3015e959'
    'pgv_pvi' => '3262336000'
    'PHPSESSID' => 'd3p9ndh9idor0mh6qvapqjsed3'
]

$_SERVER = [
    'HTTP_HOST' => 'localhost'
    'HTTP_USER_AGENT' => 'Mozilla/5.0 (Windows NT 10.0; WOW64; rv:50.0) Gecko/20100101 Firefox/50.0'
    'HTTP_ACCEPT' => 'application/json, text/javascript, */*; q=0.01'
    'HTTP_ACCEPT_LANGUAGE' => 'zh-CN,zh;q=0.8,en-US;q=0.5,en;q=0.3'
    'HTTP_ACCEPT_ENCODING' => 'gzip, deflate'
    'CONTENT_TYPE' => 'application/x-www-form-urlencoded; charset=UTF-8'
    'HTTP_X_REQUESTED_WITH' => 'XMLHttpRequest'
    'HTTP_REFERER' => 'http://localhost/LunWen/basic/web/index.php?r=admin%2Fmain%2Fmain'
    'CONTENT_LENGTH' => '14'
    'HTTP_COOKIE' => 'Phpstorm-46c89b92=800689ce-ad2d-43cd-a6f3-39cd3015e959; pgv_pvi=3262336000; PHPSESSID=d3p9ndh9idor0mh6qvapqjsed3'
    'HTTP_CONNECTION' => 'keep-alive'
    'PATH' => 'C:\\WINDOWS\\system32;C:\\WINDOWS;C:\\WINDOWS\\System32\\Wbem;C:\\WINDOWS\\System32\\WindowsPowerShell\\v1.0\\;C:\\Program Files\\Intel\\WiFi\\bin\\;D:\\Program Files\\Java\\jdk1.8.0_05\\jre\\bin;D:\\Program Files\\Java\\jdk1.8.0_05\\bin;C:\\Program Files\\Common Files\\Intel\\WirelessCommon\\;E:\\WAMP\\MySql\\bin;C:\\ProgramData\\ComposerSetup\\bin;D:\\Program Files\\tortoiseGit\\bin;D:\\Program Files\\TortoiseGit\\bin;C:\\WINDOWS\\system32\\config\\systemprofile\\AppData\\Local\\Microsoft\\WindowsApps'
    'SystemRoot' => 'C:\\WINDOWS'
    'COMSPEC' => 'C:\\WINDOWS\\system32\\cmd.exe'
    'PATHEXT' => '.COM;.EXE;.BAT;.CMD;.VBS;.VBE;.JS;.JSE;.WSF;.WSH;.MSC'
    'WINDIR' => 'C:\\WINDOWS'
    'SERVER_SIGNATURE' => ''
    'SERVER_SOFTWARE' => 'Apache/2.4.10 (Win64) PHP/5.5.27'
    'SERVER_NAME' => 'localhost'
    'SERVER_ADDR' => '::1'
    'SERVER_PORT' => '80'
    'REMOTE_ADDR' => '::1'
    'DOCUMENT_ROOT' => 'E:/WAMP/www'
    'REQUEST_SCHEME' => 'http'
    'CONTEXT_PREFIX' => ''
    'CONTEXT_DOCUMENT_ROOT' => 'E:/WAMP/www'
    'SERVER_ADMIN' => 'admin@example.com'
    'SCRIPT_FILENAME' => 'E:/WAMP/www/LunWen/basic/web/index.php'
    'REMOTE_PORT' => '60856'
    'GATEWAY_INTERFACE' => 'CGI/1.1'
    'SERVER_PROTOCOL' => 'HTTP/1.1'
    'REQUEST_METHOD' => 'POST'
    'QUERY_STRING' => 'r=admin%2Fshop%2Fshoplist'
    'REQUEST_URI' => '/LunWen/basic/web/index.php?r=admin%2Fshop%2Fshoplist'
    'SCRIPT_NAME' => '/LunWen/basic/web/index.php'
    'PHP_SELF' => '/LunWen/basic/web/index.php'
    'REQUEST_TIME_FLOAT' => 1483972109.004
    'REQUEST_TIME' => 1483972109
]
2017-01-09 22:28:47 [::1][-][-][profile begin][yii\db\Command::query] SELECT * FROM `shop` ORDER BY `time` DESC LIMIT 8
    in E:\WAMP\www\LunWen\basic\modules\home\controllers\IndexController.php:61
2017-01-09 22:28:47 [::1][-][-][profile end][yii\db\Command::query] SELECT * FROM `shop` ORDER BY `time` DESC LIMIT 8
    in E:\WAMP\www\LunWen\basic\modules\home\controllers\IndexController.php:61
2017-01-09 22:28:47 [::1][-][-][profile begin][yii\db\Command::query] SHOW FULL COLUMNS FROM `shop`
    in E:\WAMP\www\LunWen\basic\modules\home\controllers\IndexController.php:61
2017-01-09 22:28:47 [::1][-][-][profile end][yii\db\Command::query] SHOW FULL COLUMNS FROM `shop`
    in E:\WAMP\www\LunWen\basic\modules\home\controllers\IndexController.php:61
2017-01-09 22:28:47 [::1][-][-][profile begin][yii\db\Command::query] SHOW CREATE TABLE `shop`
    in E:\WAMP\www\LunWen\basic\modules\home\controllers\IndexController.php:61
2017-01-09 22:28:47 [::1][-][-][profile end][yii\db\Command::query] SHOW CREATE TABLE `shop`
    in E:\WAMP\www\LunWen\basic\modules\home\controllers\IndexController.php:61
2017-01-09 22:28:47 [::1][-][-][profile begin][yii\db\Command::query] SELECT * FROM `type` WHERE `prt`='1'
    in E:\WAMP\www\LunWen\basic\models\TypeDB.php:61
    in E:\WAMP\www\LunWen\basic\modules\home\controllers\IndexController.php:67
2017-01-09 22:28:47 [::1][-][-][profile end][yii\db\Command::query] SELECT * FROM `type` WHERE `prt`='1'
    in E:\WAMP\www\LunWen\basic\models\TypeDB.php:61
    in E:\WAMP\www\LunWen\basic\modules\home\controllers\IndexController.php:67
2017-01-09 22:28:47 [::1][-][-][profile begin][yii\db\Command::query] SHOW FULL COLUMNS FROM `type`
    in E:\WAMP\www\LunWen\basic\models\TypeDB.php:61
    in E:\WAMP\www\LunWen\basic\modules\home\controllers\IndexController.php:67
2017-01-09 22:28:47 [::1][-][-][profile end][yii\db\Command::query] SHOW FULL COLUMNS FROM `type`
    in E:\WAMP\www\LunWen\basic\models\TypeDB.php:61
    in E:\WAMP\www\LunWen\basic\modules\home\controllers\IndexController.php:67
2017-01-09 22:28:47 [::1][-][-][profile begin][yii\db\Command::query] SHOW CREATE TABLE `type`
    in E:\WAMP\www\LunWen\basic\models\TypeDB.php:61
    in E:\WAMP\www\LunWen\basic\modules\home\controllers\IndexController.php:67
2017-01-09 22:28:47 [::1][-][-][profile end][yii\db\Command::query] SHOW CREATE TABLE `type`
    in E:\WAMP\www\LunWen\basic\models\TypeDB.php:61
    in E:\WAMP\www\LunWen\basic\modules\home\controllers\IndexController.php:67
2017-01-09 22:28:47 [::1][-][-][profile begin][yii\db\Command::query] SELECT * FROM `type` WHERE `prt`='28'
    in E:\WAMP\www\LunWen\basic\models\TypeDB.php:61
    in E:\WAMP\www\LunWen\basic\modules\home\controllers\IndexController.php:68
2017-01-09 22:28:47 [::1][-][-][profile end][yii\db\Command::query] SELECT * FROM `type` WHERE `prt`='28'
    in E:\WAMP\www\LunWen\basic\models\TypeDB.php:61
    in E:\WAMP\www\LunWen\basic\modules\home\controllers\IndexController.php:68
2017-01-09 22:28:47 [::1][-][-][profile begin][yii\db\Command::query] SELECT * FROM `type` WHERE `prt`='2'
    in E:\WAMP\www\LunWen\basic\models\TypeDB.php:61
    in E:\WAMP\www\LunWen\basic\modules\home\controllers\IndexController.php:69
2017-01-09 22:28:47 [::1][-][-][profile end][yii\db\Command::query] SELECT * FROM `type` WHERE `prt`='2'
    in E:\WAMP\www\LunWen\basic\models\TypeDB.php:61
    in E:\WAMP\www\LunWen\basic\modules\home\controllers\IndexController.php:69
2017-01-09 22:28:47 [::1][-][-][profile begin][yii\db\Command::query] SELECT * FROM `type` WHERE `prt`='3'
    in E:\WAMP\www\LunWen\basic\models\TypeDB.php:61
    in E:\WAMP\www\LunWen\basic\modules\home\controllers\IndexController.php:70
2017-01-09 22:28:47 [::1][-][-][profile end][yii\db\Command::query] SELECT * FROM `type` WHERE `prt`='3'
    in E:\WAMP\www\LunWen\basic\models\TypeDB.php:61
    in E:\WAMP\www\LunWen\basic\modules\home\controllers\IndexController.php:70
2017-01-09 22:28:46 [::1][-][-][info][application] $_GET = [
    'r' => 'home/index/index'
]

$_COOKIE = [
    'Phpstorm-46c89b92' => '800689ce-ad2d-43cd-a6f3-39cd3015e959'
    'pgv_pvi' => '3262336000'
    'PHPSESSID' => 'd3p9ndh9idor0mh6qvapqjsed3'
]

$_SESSION = [
    '__flash' => []
]

$_SERVER = [
    'HTTP_HOST' => 'localhost'
    'HTTP_USER_AGENT' => 'Mozilla/5.0 (Windows NT 10.0; WOW64; rv:50.0) Gecko/20100101 Firefox/50.0'
    'HTTP_ACCEPT' => 'text/html,application/xhtml+xml,application/xml;q=0.9,*/*;q=0.8'
    'HTTP_ACCEPT_LANGUAGE' => 'zh-CN,zh;q=0.8,en-US;q=0.5,en;q=0.3'
    'HTTP_ACCEPT_ENCODING' => 'gzip, deflate'
    'HTTP_COOKIE' => 'Phpstorm-46c89b92=800689ce-ad2d-43cd-a6f3-39cd3015e959; pgv_pvi=3262336000; PHPSESSID=d3p9ndh9idor0mh6qvapqjsed3'
    'HTTP_CONNECTION' => 'keep-alive'
    'HTTP_UPGRADE_INSECURE_REQUESTS' => '1'
    'PATH' => 'C:\\WINDOWS\\system32;C:\\WINDOWS;C:\\WINDOWS\\System32\\Wbem;C:\\WINDOWS\\System32\\WindowsPowerShell\\v1.0\\;C:\\Program Files\\Intel\\WiFi\\bin\\;D:\\Program Files\\Java\\jdk1.8.0_05\\jre\\bin;D:\\Program Files\\Java\\jdk1.8.0_05\\bin;C:\\Program Files\\Common Files\\Intel\\WirelessCommon\\;E:\\WAMP\\MySql\\bin;C:\\ProgramData\\ComposerSetup\\bin;D:\\Program Files\\tortoiseGit\\bin;D:\\Program Files\\TortoiseGit\\bin;C:\\WINDOWS\\system32\\config\\systemprofile\\AppData\\Local\\Microsoft\\WindowsApps'
    'SystemRoot' => 'C:\\WINDOWS'
    'COMSPEC' => 'C:\\WINDOWS\\system32\\cmd.exe'
    'PATHEXT' => '.COM;.EXE;.BAT;.CMD;.VBS;.VBE;.JS;.JSE;.WSF;.WSH;.MSC'
    'WINDIR' => 'C:\\WINDOWS'
    'SERVER_SIGNATURE' => ''
    'SERVER_SOFTWARE' => 'Apache/2.4.10 (Win64) PHP/5.5.27'
    'SERVER_NAME' => 'localhost'
    'SERVER_ADDR' => '::1'
    'SERVER_PORT' => '80'
    'REMOTE_ADDR' => '::1'
    'DOCUMENT_ROOT' => 'E:/WAMP/www'
    'REQUEST_SCHEME' => 'http'
    'CONTEXT_PREFIX' => ''
    'CONTEXT_DOCUMENT_ROOT' => 'E:/WAMP/www'
    'SERVER_ADMIN' => 'admin@example.com'
    'SCRIPT_FILENAME' => 'E:/WAMP/www/LunWen/basic/web/index.php'
    'REMOTE_PORT' => '60861'
    'GATEWAY_INTERFACE' => 'CGI/1.1'
    'SERVER_PROTOCOL' => 'HTTP/1.1'
    'REQUEST_METHOD' => 'GET'
    'QUERY_STRING' => 'r=home%2Findex%2Findex'
    'REQUEST_URI' => '/LunWen/basic/web/index.php?r=home%2Findex%2Findex'
    'SCRIPT_NAME' => '/LunWen/basic/web/index.php'
    'PHP_SELF' => '/LunWen/basic/web/index.php'
    'REQUEST_TIME_FLOAT' => 1483972126.23
    'REQUEST_TIME' => 1483972126
]
2017-01-09 22:28:59 [::1][-][-][profile begin][yii\db\Command::query] SHOW FULL COLUMNS FROM `shop`
    in E:\WAMP\www\LunWen\basic\modules\home\controllers\IndexController.php:124
2017-01-09 22:28:59 [::1][-][-][profile end][yii\db\Command::query] SHOW FULL COLUMNS FROM `shop`
    in E:\WAMP\www\LunWen\basic\modules\home\controllers\IndexController.php:124
2017-01-09 22:28:59 [::1][-][-][profile begin][yii\db\Command::query] SHOW CREATE TABLE `shop`
    in E:\WAMP\www\LunWen\basic\modules\home\controllers\IndexController.php:124
2017-01-09 22:28:59 [::1][-][-][profile end][yii\db\Command::query] SHOW CREATE TABLE `shop`
    in E:\WAMP\www\LunWen\basic\modules\home\controllers\IndexController.php:124
2017-01-09 22:28:59 [::1][-][-][profile begin][yii\db\Command::query] SELECT * FROM `shop` WHERE `id`='7'
    in E:\WAMP\www\LunWen\basic\modules\home\controllers\IndexController.php:124
2017-01-09 22:28:59 [::1][-][-][profile end][yii\db\Command::query] SELECT * FROM `shop` WHERE `id`='7'
    in E:\WAMP\www\LunWen\basic\modules\home\controllers\IndexController.php:124
2017-01-09 22:28:58 [::1][-][-][info][application] $_GET = [
    'r' => 'home/index/shops'
    'ids' => '7'
]

$_COOKIE = [
    'Phpstorm-46c89b92' => '800689ce-ad2d-43cd-a6f3-39cd3015e959'
    'pgv_pvi' => '3262336000'
    'PHPSESSID' => 'd3p9ndh9idor0mh6qvapqjsed3'
]

$_SESSION = [
    '__flash' => []
]

$_SERVER = [
    'HTTP_HOST' => 'localhost'
    'HTTP_USER_AGENT' => 'Mozilla/5.0 (Windows NT 10.0; WOW64; rv:50.0) Gecko/20100101 Firefox/50.0'
    'HTTP_ACCEPT' => 'text/html,application/xhtml+xml,application/xml;q=0.9,*/*;q=0.8'
    'HTTP_ACCEPT_LANGUAGE' => 'zh-CN,zh;q=0.8,en-US;q=0.5,en;q=0.3'
    'HTTP_ACCEPT_ENCODING' => 'gzip, deflate'
    'HTTP_REFERER' => 'http://localhost/LunWen/basic/web/index.php?r=home%2Findex%2Findex'
    'HTTP_COOKIE' => 'Phpstorm-46c89b92=800689ce-ad2d-43cd-a6f3-39cd3015e959; pgv_pvi=3262336000; PHPSESSID=d3p9ndh9idor0mh6qvapqjsed3'
    'HTTP_CONNECTION' => 'keep-alive'
    'HTTP_UPGRADE_INSECURE_REQUESTS' => '1'
    'PATH' => 'C:\\WINDOWS\\system32;C:\\WINDOWS;C:\\WINDOWS\\System32\\Wbem;C:\\WINDOWS\\System32\\WindowsPowerShell\\v1.0\\;C:\\Program Files\\Intel\\WiFi\\bin\\;D:\\Program Files\\Java\\jdk1.8.0_05\\jre\\bin;D:\\Program Files\\Java\\jdk1.8.0_05\\bin;C:\\Program Files\\Common Files\\Intel\\WirelessCommon\\;E:\\WAMP\\MySql\\bin;C:\\ProgramData\\ComposerSetup\\bin;D:\\Program Files\\tortoiseGit\\bin;D:\\Program Files\\TortoiseGit\\bin;C:\\WINDOWS\\system32\\config\\systemprofile\\AppData\\Local\\Microsoft\\WindowsApps'
    'SystemRoot' => 'C:\\WINDOWS'
    'COMSPEC' => 'C:\\WINDOWS\\system32\\cmd.exe'
    'PATHEXT' => '.COM;.EXE;.BAT;.CMD;.VBS;.VBE;.JS;.JSE;.WSF;.WSH;.MSC'
    'WINDIR' => 'C:\\WINDOWS'
    'SERVER_SIGNATURE' => ''
    'SERVER_SOFTWARE' => 'Apache/2.4.10 (Win64) PHP/5.5.27'
    'SERVER_NAME' => 'localhost'
    'SERVER_ADDR' => '::1'
    'SERVER_PORT' => '80'
    'REMOTE_ADDR' => '::1'
    'DOCUMENT_ROOT' => 'E:/WAMP/www'
    'REQUEST_SCHEME' => 'http'
    'CONTEXT_PREFIX' => ''
    'CONTEXT_DOCUMENT_ROOT' => 'E:/WAMP/www'
    'SERVER_ADMIN' => 'admin@example.com'
    'SCRIPT_FILENAME' => 'E:/WAMP/www/LunWen/basic/web/index.php'
    'REMOTE_PORT' => '60898'
    'GATEWAY_INTERFACE' => 'CGI/1.1'
    'SERVER_PROTOCOL' => 'HTTP/1.1'
    'REQUEST_METHOD' => 'GET'
    'QUERY_STRING' => 'r=home/index/shops&ids=7'
    'REQUEST_URI' => '/LunWen/basic/web/index.php?r=home/index/shops&ids=7'
    'SCRIPT_NAME' => '/LunWen/basic/web/index.php'
    'PHP_SELF' => '/LunWen/basic/web/index.php'
    'REQUEST_TIME_FLOAT' => 1483972138.593
    'REQUEST_TIME' => 1483972138
]
